<?xml version="1.0" encoding="UTF-8"?>
<!-- Generated by org.testng.reporters.JUnitReportReporter -->
<testsuite hostname="Amit-Savyasachi.local" failures="0" tests="1" name="com.galen.framework.GalenFirstTest" time="2.835" errors="0" timestamp="2023-01-26T16:52:38 IST" skipped="0">
  <testcase classname="com.galen.framework.GalenFirstTest" name="checkLogoVisibleAndImageVerification" time="2.835"/>
  <system-out/>
</testsuite> <!-- com.galen.framework.GalenFirstTest -->
